# JRE version: Java(TM) SE Runtime Environment (8.0_172-b11) (build 1.8.0_172-b11)
# Java VM: Java HotSpot(TM) 64-Bit Server VM (25.172-b11 mixed mode bsd-amd64 compressed oops)
Heap:
 PSYoungGen      total 1329152K, used 895676K [0x000000076ab00000, 0x00000007c0000000, 0x00000007c0000000)
  eden space 1263616K, 70% used [0x000000076ab00000,0x00000007a15af250,0x00000007b7d00000)
  from space 65536K, 0% used [0x00000007bc000000,0x00000007bc000000,0x00000007c0000000)
  to   space 67072K, 0% used [0x00000007b7d00000,0x00000007b7d00000,0x00000007bbe80000)
 ParOldGen       total 351744K, used 50330K [0x00000006c0000000, 0x00000006d5780000, 0x000000076ab00000)
  object space 351744K, 14% used [0x00000006c0000000,0x00000006c31268b8,0x00000006d5780000)
 Metaspace       used 50228K, capacity 50846K, committed 51248K, reserved 1093632K
  class space    used 7011K, capacity 7162K, committed 7216K, reserved 1048576K
GC Heap History (10 events):
Event: 1086.339 GC heap before
{Heap before GC invocations=183 (full 10):
 PSYoungGen      total 1333248K, used 1316628K [0x000000076ab00000, 0x00000007c0000000, 0x00000007c0000000)
  eden space 1276928K, 99% used [0x000000076ab00000,0x00000007b89fcea0,0x00000007b8a00000)
  from space 56320K, 70% used [0x00000007bc900000,0x00000007befc8480,0x00000007c0000000)
  to   space 60416K, 0% used [0x00000007b8a00000,0x00000007b8a00000,0x00000007bc500000)
 ParOldGen       total 351744K, used 65191K [0x00000006c0000000, 0x00000006d5780000, 0x000000076ab00000)
  object space 351744K, 18% used [0x00000006c0000000,0x00000006c3fa9ff0,0x00000006d5780000)
 Metaspace       used 50171K, capacity 50782K, committed 51248K, reserved 1093632K
  class space    used 7010K, capacity 7162K, committed 7216K, reserved 1048576K
Event: 1086.730 GC heap after
Heap after GC invocations=183 (full 10):
 PSYoungGen      total 1313792K, used 36508K [0x000000076ab00000, 0x00000007c0000000, 0x00000007c0000000)
  eden space 1276928K, 0% used [0x000000076ab00000,0x000000076ab00000,0x00000007b8a00000)
  from space 36864K, 99% used [0x00000007b8a00000,0x00000007bada7170,0x00000007bae00000)
  to   space 62464K, 0% used [0x00000007bc300000,0x00000007bc300000,0x00000007c0000000)
 ParOldGen       total 351744K, used 65191K [0x00000006c0000000, 0x00000006d5780000, 0x000000076ab00000)
  object space 351744K, 18% used [0x00000006c0000000,0x00000006c3fa9ff0,0x00000006d5780000)
 Metaspace       used 50171K, capacity 50782K, committed 51248K, reserved 1093632K
  class space    used 7010K, capacity 7162K, committed 7216K, reserved 1048576K
}
Event: 1324.348 GC heap before
{Heap before GC invocations=184 (full 10):
 PSYoungGen      total 1313792K, used 1313436K [0x000000076ab00000, 0x00000007c0000000, 0x00000007c0000000)
  eden space 1276928K, 100% used [0x000000076ab00000,0x00000007b8a00000,0x00000007b8a00000)
  from space 36864K, 99% used [0x00000007b8a00000,0x00000007bada7170,0x00000007bae00000)
  to   space 62464K, 0% used [0x00000007bc300000,0x00000007bc300000,0x00000007c0000000)
 ParOldGen       total 351744K, used 65191K [0x00000006c0000000, 0x00000006d5780000, 0x000000076ab00000)
  object space 351744K, 18% used [0x00000006c0000000,0x00000006c3fa9ff0,0x00000006d5780000)
 Metaspace       used 50208K, capacity 50782K, committed 51248K, reserved 1093632K
  class space    used 7010K, capacity 7162K, committed 7216K, reserved 1048576K
Event: 1324.897 GC heap after
Heap after GC invocations=184 (full 10):
 PSYoungGen      total 1331200K, used 37995K [0x000000076ab00000, 0x00000007c0000000, 0x00000007c0000000)
  eden space 1268736K, 0% used [0x000000076ab00000,0x000000076ab00000,0x00000007b8200000)
  from space 62464K, 60% used [0x00000007bc300000,0x00000007be81ad60,0x00000007c0000000)
  to   space 64512K, 0% used [0x00000007b8200000,0x00000007b8200000,0x00000007bc100000)
 ParOldGen       total 351744K, used 65199K [0x00000006c0000000, 0x00000006d5780000, 0x000000076ab00000)
  object space 351744K, 18% used [0x00000006c0000000,0x00000006c3fabff0,0x00000006d5780000)
 Metaspace       used 50208K, capacity 50782K, committed 51248K, reserved 1093632K
  class space    used 7010K, capacity 7162K, committed 7216K, reserved 1048576K
}
Event: 1614.297 GC heap before
{Heap before GC invocations=185 (full 10):
 PSYoungGen      total 1331200K, used 1306696K [0x000000076ab00000, 0x00000007c0000000, 0x00000007c0000000)
  eden space 1268736K, 99% used [0x000000076ab00000,0x00000007b81f73e0,0x00000007b8200000)
  from space 62464K, 60% used [0x00000007bc300000,0x00000007be81ad60,0x00000007c0000000)
  to   space 64512K, 0% used [0x00000007b8200000,0x00000007b8200000,0x00000007bc100000)
 ParOldGen       total 351744K, used 65199K [0x00000006c0000000, 0x00000006d5780000, 0x000000076ab00000)
  object space 351744K, 18% used [0x00000006c0000000,0x00000006c3fabff0,0x00000006d5780000)
 Metaspace       used 50212K, capacity 50782K, committed 51248K, reserved 1093632K
  class space    used 7010K, capacity 7162K, committed 7216K, reserved 1048576K
Event: 1619.887 GC heap after
Heap after GC invocations=185 (full 10):
 PSYoungGen      total 1306624K, used 37829K [0x000000076ab00000, 0x00000007c0000000, 0x00000007c0000000)
  eden space 1268736K, 0% used [0x000000076ab00000,0x000000076ab00000,0x00000007b8200000)
  from space 37888K, 99% used [0x00000007b8200000,0x00000007ba6f15b8,0x00000007ba700000)
  to   space 65536K, 0% used [0x00000007bc000000,0x00000007bc000000,0x00000007c0000000)
 ParOldGen       total 351744K, used 65199K [0x00000006c0000000, 0x00000006d5780000, 0x000000076ab00000)
  object space 351744K, 18% used [0x00000006c0000000,0x00000006c3fabff0,0x00000006d5780000)
 Metaspace       used 50212K, capacity 50782K, committed 51248K, reserved 1093632K
  class space    used 7010K, capacity 7162K, committed 7216K, reserved 1048576K
}
Event: 1807.955 GC heap before
{Heap before GC invocations=186 (full 10):
 PSYoungGen      total 1306624K, used 806551K [0x000000076ab00000, 0x00000007c0000000, 0x00000007c0000000)
  eden space 1268736K, 60% used [0x000000076ab00000,0x00000007999b4880,0x00000007b8200000)
  from space 37888K, 99% used [0x00000007b8200000,0x00000007ba6f15b8,0x00000007ba700000)
  to   space 65536K, 0% used [0x00000007bc000000,0x00000007bc000000,0x00000007c0000000)
 ParOldGen       total 351744K, used 65199K [0x00000006c0000000, 0x00000006d5780000, 0x000000076ab00000)
  object space 351744K, 18% used [0x00000006c0000000,0x00000006c3fabff0,0x00000006d5780000)
 Metaspace       used 50218K, capacity 50782K, committed 51248K, reserved 1093632K
  class space    used 7010K, capacity 7162K, committed 7216K, reserved 1048576K
Event: 1808.842 GC heap after
Heap after GC invocations=186 (full 10):
 PSYoungGen      total 1329152K, used 40077K [0x000000076ab00000, 0x00000007c0000000, 0x00000007c0000000)
  eden space 1263616K, 0% used [0x000000076ab00000,0x000000076ab00000,0x00000007b7d00000)
  from space 65536K, 61% used [0x00000007bc000000,0x00000007be723708,0x00000007c0000000)
  to   space 67072K, 0% used [0x00000007b7d00000,0x00000007b7d00000,0x00000007bbe80000)
 ParOldGen       total 351744K, used 65199K [0x00000006c0000000, 0x00000006d5780000, 0x000000076ab00000)
  object space 351744K, 18% used [0x00000006c0000000,0x00000006c3fabff0,0x00000006d5780000)
 Metaspace       used 50218K, capacity 50782K, committed 51248K, reserved 1093632K
  class space    used 7010K, capacity 7162K, committed 7216K, reserved 1048576K
}
Event: 1808.842 GC heap before
{Heap before GC invocations=187 (full 11):
 PSYoungGen      total 1329152K, used 40077K [0x000000076ab00000, 0x00000007c0000000, 0x00000007c0000000)
  eden space 1263616K, 0% used [0x000000076ab00000,0x000000076ab00000,0x00000007b7d00000)
  from space 65536K, 61% used [0x00000007bc000000,0x00000007be723708,0x00000007c0000000)
  to   space 67072K, 0% used [0x00000007b7d00000,0x00000007b7d00000,0x00000007bbe80000)
 ParOldGen       total 351744K, used 65199K [0x00000006c0000000, 0x00000006d5780000, 0x000000076ab00000)
  object space 351744K, 18% used [0x00000006c0000000,0x00000006c3fabff0,0x00000006d5780000)
 Metaspace       used 50218K, capacity 50782K, committed 51248K, reserved 1093632K
  class space    used 7010K, capacity 7162K, committed 7216K, reserved 1048576K
Event: 1815.620 GC heap after
Heap after GC invocations=187 (full 11):
 PSYoungGen      total 1329152K, used 0K [0x000000076ab00000, 0x00000007c0000000, 0x00000007c0000000)
  eden space 1263616K, 0% used [0x000000076ab00000,0x000000076ab00000,0x00000007b7d00000)
  from space 65536K, 0% used [0x00000007bc000000,0x00000007bc000000,0x00000007c0000000)
  to   space 67072K, 0% used [0x00000007b7d00000,0x00000007b7d00000,0x00000007bbe80000)
 ParOldGen       total 351744K, used 50330K [0x00000006c0000000, 0x00000006d5780000, 0x000000076ab00000)
  object space 351744K, 14% used [0x00000006c0000000,0x00000006c31268b8,0x00000006d5780000)
 Metaspace       used 50218K, capacity 50782K, committed 51248K, reserved 1093632K
  class space    used 7010K, capacity 7162K, committed 7216K, reserved 1048576K
}

